  k |         x1 |         x2 |          d[0] |          d[1] |                   f(x) 
--------------------------------------------------------------------------------------
  0 |   0.000000 |   0.000000 |  0.000000e+00 |  0.000000e+00 |  0.000000000000000e+00 
--------------------------------------------------------------------------------------
    |            Look for new step size lambda (L)            |
    |    f(minL) |       f(L) |          minL |             L |
    |   Infinity |   Infinity |  0.000000e+00 |  0.000000e+00 |
    |   Infinity |  -0.360000 |  0.000000e+00 |  1.000000e-01 |
    |  -0.360000 |  -0.640000 |  1.000000e-01 |  2.000000e-01 |
    |  -0.640000 |  -0.840000 |  2.000000e-01 |  3.000000e-01 |
    |  -0.840000 |  -0.960000 |  3.000000e-01 |  4.000000e-01 |
    |  -0.960000 |  -1.000000 |  4.000000e-01 |  5.000000e-01 |
    |  -1.000000 |  -0.960000 |  5.000000e-01 |  6.000000e-01 |
--------------------------------------------------------------------------------------
  1 |   1.200000 |   0.000000 | -2.000000e+00 |  0.000000e+00 | -9.600000000000009e-01 
--------------------------------------------------------------------------------------
    |            Look for new step size lambda (L)            |
    |    f(minL) |       f(L) |          minL |             L |
    |   Infinity |   Infinity |  0.000000e+00 |  0.000000e+00 |
    |   Infinity |  -1.099200 |  0.000000e+00 |  1.000000e-01 |
    |  -1.099200 |  -1.196800 |  1.000000e-01 |  2.000000e-01 |
    |  -1.196800 |  -1.252800 |  2.000000e-01 |  3.000000e-01 |
    |  -1.252800 |  -1.267200 |  3.000000e-01 |  4.000000e-01 |
    |  -1.267200 |  -1.240000 |  4.000000e-01 |  5.000000e-01 |
--------------------------------------------------------------------------------------
  2 |   1.000000 |  -0.600000 |  4.000000e-01 |  1.200000e+00 | -1.240000000000000e+00 
--------------------------------------------------------------------------------------
    |            Look for new step size lambda (L)            |
    |    f(minL) |       f(L) |          minL |             L |
    |   Infinity |   Infinity |  0.000000e+00 |  0.000000e+00 |
    |   Infinity |  -1.274800 |  0.000000e+00 |  1.000000e-01 |
    |  -1.274800 |  -1.299200 |  1.000000e-01 |  2.000000e-01 |
    |  -1.299200 |  -1.313200 |  2.000000e-01 |  3.000000e-01 |
    |  -1.313200 |  -1.316800 |  3.000000e-01 |  4.000000e-01 |
    |  -1.316800 |  -1.310000 |  4.000000e-01 |  5.000000e-01 |
--------------------------------------------------------------------------------------
  3 |   1.300000 |  -0.500000 | -6.000000e-01 | -2.000000e-01 | -1.309999999999999e+00 
--------------------------------------------------------------------------------------
    |            Look for new step size lambda (L)            |
    |    f(minL) |       f(L) |          minL |             L |
    |   Infinity |   Infinity |  0.000000e+00 |  0.000000e+00 |
    |   Infinity |  -1.318700 |  0.000000e+00 |  1.000000e-01 |
    |  -1.318700 |  -1.324800 |  1.000000e-01 |  2.000000e-01 |
    |  -1.324800 |  -1.328300 |  2.000000e-01 |  3.000000e-01 |
    |  -1.328300 |  -1.329200 |  3.000000e-01 |  4.000000e-01 |
    |  -1.329200 |  -1.327500 |  4.000000e-01 |  5.000000e-01 |
--------------------------------------------------------------------------------------
  4 |   1.250000 |  -0.650000 |  1.000000e-01 |  3.000000e-01 | -1.327500000000001e+00 
--------------------------------------------------------------------------------------
    |            Look for new step size lambda (L)            |
    |    f(minL) |       f(L) |          minL |             L |
    |   Infinity |   Infinity |  0.000000e+00 |  0.000000e+00 |
    |   Infinity |  -1.329675 |  0.000000e+00 |  1.000000e-01 |
    |  -1.329675 |  -1.331200 |  1.000000e-01 |  2.000000e-01 |
    |  -1.331200 |  -1.332075 |  2.000000e-01 |  3.000000e-01 |
    |  -1.332075 |  -1.332300 |  3.000000e-01 |  4.000000e-01 |
    |  -1.332300 |  -1.331875 |  4.000000e-01 |  5.000000e-01 |
--------------------------------------------------------------------------------------
  5 |   1.325000 |  -0.625000 | -1.500000e-01 | -5.000000e-02 | -1.331875000000002e+00 
--------------------------------------------------------------------------------------
    |            Look for new step size lambda (L)            |
    |    f(minL) |       f(L) |          minL |             L |
    |   Infinity |   Infinity |  0.000000e+00 |  0.000000e+00 |
    |   Infinity |  -1.332419 |  0.000000e+00 |  1.000000e-01 |
    |  -1.332419 |  -1.332800 |  1.000000e-01 |  2.000000e-01 |
    |  -1.332800 |  -1.333019 |  2.000000e-01 |  3.000000e-01 |
    |  -1.333019 |  -1.333075 |  3.000000e-01 |  4.000000e-01 |
    |  -1.333075 |  -1.332969 |  4.000000e-01 |  5.000000e-01 |
--------------------------------------------------------------------------------------
  6 |   1.312500 |  -0.662500 |  2.500000e-02 |  7.500000e-02 | -1.332968749999999e+00 
--------------------------------------------------------------------------------------
    |            Look for new step size lambda (L)            |
    |    f(minL) |       f(L) |          minL |             L |
    |   Infinity |   Infinity |  0.000000e+00 |  0.000000e+00 |
    |   Infinity |  -1.333105 |  0.000000e+00 |  1.000000e-01 |
    |  -1.333105 |  -1.333200 |  1.000000e-01 |  2.000000e-01 |
    |  -1.333200 |  -1.333255 |  2.000000e-01 |  3.000000e-01 |
    |  -1.333255 |  -1.333269 |  3.000000e-01 |  4.000000e-01 |
    |  -1.333269 |  -1.333242 |  4.000000e-01 |  5.000000e-01 |
--------------------------------------------------------------------------------------
  7 |   1.331250 |  -0.656250 | -3.750000e-02 | -1.250000e-02 | -1.333242187499998e+00 
--------------------------------------------------------------------------------------
    |            Look for new step size lambda (L)            |
    |    f(minL) |       f(L) |          minL |             L |
    |   Infinity |   Infinity |  0.000000e+00 |  0.000000e+00 |
    |   Infinity |  -1.333276 |  0.000000e+00 |  1.000000e-01 |
    |  -1.333276 |  -1.333300 |  1.000000e-01 |  2.000000e-01 |
    |  -1.333300 |  -1.333314 |  2.000000e-01 |  3.000000e-01 |
    |  -1.333314 |  -1.333317 |  3.000000e-01 |  4.000000e-01 |
    |  -1.333317 |  -1.333311 |  4.000000e-01 |  5.000000e-01 |
--------------------------------------------------------------------------------------
  8 |   1.328125 |  -0.665625 |  6.250000e-03 |  1.875000e-02 | -1.333310546875000e+00 
--------------------------------------------------------------------------------------
    |            Look for new step size lambda (L)            |
    |    f(minL) |       f(L) |          minL |             L |
    |   Infinity |   Infinity |  0.000000e+00 |  0.000000e+00 |
    |   Infinity |  -1.333319 |  0.000000e+00 |  1.000000e-01 |
    |  -1.333319 |  -1.333325 |  1.000000e-01 |  2.000000e-01 |
    |  -1.333325 |  -1.333328 |  2.000000e-01 |  3.000000e-01 |
    |  -1.333328 |  -1.333329 |  3.000000e-01 |  4.000000e-01 |
    |  -1.333329 |  -1.333328 |  4.000000e-01 |  5.000000e-01 |
--------------------------------------------------------------------------------------
  9 |   1.332813 |  -0.664063 | -9.375000e-03 | -3.125000e-03 | -1.333327636718751e+00 
--------------------------------------------------------------------------------------
    |            Look for new step size lambda (L)            |
    |    f(minL) |       f(L) |          minL |             L |
    |   Infinity |   Infinity |  0.000000e+00 |  0.000000e+00 |
    |   Infinity |  -1.333330 |  0.000000e+00 |  1.000000e-01 |
    |  -1.333330 |  -1.333331 |  1.000000e-01 |  2.000000e-01 |
    |  -1.333331 |  -1.333332 |  2.000000e-01 |  3.000000e-01 |
    |  -1.333332 |  -1.333332 |  3.000000e-01 |  4.000000e-01 |
    |  -1.333332 |  -1.333332 |  4.000000e-01 |  5.000000e-01 |
--------------------------------------------------------------------------------------
 10 |   1.332031 |  -0.666406 |  1.562500e-03 |  4.687500e-03 | -1.333331909179687e+00 
--------------------------------------------------------------------------------------
    |            Look for new step size lambda (L)            |
    |    f(minL) |       f(L) |          minL |             L |
    |   Infinity |   Infinity |  0.000000e+00 |  0.000000e+00 |
    |   Infinity |  -1.333332 |  0.000000e+00 |  1.000000e-01 |
    |  -1.333332 |  -1.333333 |  1.000000e-01 |  2.000000e-01 |
    |  -1.333333 |  -1.333333 |  2.000000e-01 |  3.000000e-01 |
    |  -1.333333 |  -1.333333 |  3.000000e-01 |  4.000000e-01 |
    |  -1.333333 |  -1.333333 |  4.000000e-01 |  5.000000e-01 |
--------------------------------------------------------------------------------------
 11 |   1.333203 |  -0.666016 | -2.343750e-03 | -7.812500e-04 | -1.333332977294921e+00 
--------------------------------------------------------------------------------------
    |            Look for new step size lambda (L)            |
    |    f(minL) |       f(L) |          minL |             L |
    |   Infinity |   Infinity |  0.000000e+00 |  0.000000e+00 |
    |   Infinity |  -1.333333 |  0.000000e+00 |  1.000000e-01 |
    |  -1.333333 |  -1.333333 |  1.000000e-01 |  2.000000e-01 |
    |  -1.333333 |  -1.333333 |  2.000000e-01 |  3.000000e-01 |
    |  -1.333333 |  -1.333333 |  3.000000e-01 |  4.000000e-01 |
    |  -1.333333 |  -1.333333 |  4.000000e-01 |  5.000000e-01 |
--------------------------------------------------------------------------------------
 12 |   1.333008 |  -0.666602 |  3.906250e-04 |  1.171875e-03 | -1.333333244323731e+00 
--------------------------------------------------------------------------------------
    |            Look for new step size lambda (L)            |
    |    f(minL) |       f(L) |          minL |             L |
    |   Infinity |   Infinity |  0.000000e+00 |  0.000000e+00 |
    |   Infinity |  -1.333333 |  0.000000e+00 |  1.000000e-01 |
    |  -1.333333 |  -1.333333 |  1.000000e-01 |  2.000000e-01 |
    |  -1.333333 |  -1.333333 |  2.000000e-01 |  3.000000e-01 |
    |  -1.333333 |  -1.333333 |  3.000000e-01 |  4.000000e-01 |
    |  -1.333333 |  -1.333333 |  4.000000e-01 |  5.000000e-01 |
--------------------------------------------------------------------------------------
 13 |   1.333301 |  -0.666504 | -5.859375e-04 | -1.953125e-04 | -1.333333311080935e+00 
--------------------------------------------------------------------------------------
    |            Look for new step size lambda (L)            |
    |    f(minL) |       f(L) |          minL |             L |
    |   Infinity |   Infinity |  0.000000e+00 |  0.000000e+00 |
    |   Infinity |  -1.333333 |  0.000000e+00 |  1.000000e-01 |
    |  -1.333333 |  -1.333333 |  1.000000e-01 |  2.000000e-01 |
    |  -1.333333 |  -1.333333 |  2.000000e-01 |  3.000000e-01 |
    |  -1.333333 |  -1.333333 |  3.000000e-01 |  4.000000e-01 |
    |  -1.333333 |  -1.333333 |  4.000000e-01 |  5.000000e-01 |
--------------------------------------------------------------------------------------
 14 |   1.333252 |  -0.666650 |  9.765625e-05 |  2.929687e-04 | -1.333333327770232e+00 
--------------------------------------------------------------------------------------
    |            Look for new step size lambda (L)            |
    |    f(minL) |       f(L) |          minL |             L |
    |   Infinity |   Infinity |  0.000000e+00 |  0.000000e+00 |
    |   Infinity |  -1.333333 |  0.000000e+00 |  1.000000e-01 |
    |  -1.333333 |  -1.333333 |  1.000000e-01 |  2.000000e-01 |
    |  -1.333333 |  -1.333333 |  2.000000e-01 |  3.000000e-01 |
    |  -1.333333 |  -1.333333 |  3.000000e-01 |  4.000000e-01 |
    |  -1.333333 |  -1.333333 |  4.000000e-01 |  5.000000e-01 |
--------------------------------------------------------------------------------------
 15 |   1.333325 |  -0.666626 | -1.464844e-04 | -4.882812e-05 | -1.333333331942557e+00 
--------------------------------------------------------------------------------------
    |            Look for new step size lambda (L)            |
    |    f(minL) |       f(L) |          minL |             L |
    |   Infinity |   Infinity |  0.000000e+00 |  0.000000e+00 |
    |   Infinity |  -1.333333 |  0.000000e+00 |  1.000000e-01 |
    |  -1.333333 |  -1.333333 |  1.000000e-01 |  2.000000e-01 |
    |  -1.333333 |  -1.333333 |  2.000000e-01 |  3.000000e-01 |
    |  -1.333333 |  -1.333333 |  3.000000e-01 |  4.000000e-01 |
    |  -1.333333 |  -1.333333 |  4.000000e-01 |  5.000000e-01 |
--------------------------------------------------------------------------------------
 16 |   1.333313 |  -0.666663 |  2.441406e-05 |  7.324219e-05 | -1.333333332985639e+00 
--------------------------------------------------------------------------------------
    |            Look for new step size lambda (L)            |
    |    f(minL) |       f(L) |          minL |             L |
    |   Infinity |   Infinity |  0.000000e+00 |  0.000000e+00 |
    |   Infinity |  -1.333333 |  0.000000e+00 |  1.000000e-01 |
    |  -1.333333 |  -1.333333 |  1.000000e-01 |  2.000000e-01 |
    |  -1.333333 |  -1.333333 |  2.000000e-01 |  3.000000e-01 |
    |  -1.333333 |  -1.333333 |  3.000000e-01 |  4.000000e-01 |
    |  -1.333333 |  -1.333333 |  4.000000e-01 |  5.000000e-01 |
--------------------------------------------------------------------------------------
 17 |   1.333331 |  -0.666656 | -3.662109e-05 | -1.220703e-05 | -1.333333333246412e+00 
--------------------------------------------------------------------------------------
    |            Look for new step size lambda (L)            |
    |    f(minL) |       f(L) |          minL |             L |
    |   Infinity |   Infinity |  0.000000e+00 |  0.000000e+00 |
    |   Infinity |  -1.333333 |  0.000000e+00 |  1.000000e-01 |
    |  -1.333333 |  -1.333333 |  1.000000e-01 |  2.000000e-01 |
    |  -1.333333 |  -1.333333 |  2.000000e-01 |  3.000000e-01 |
    |  -1.333333 |  -1.333333 |  3.000000e-01 |  4.000000e-01 |
    |  -1.333333 |  -1.333333 |  4.000000e-01 |  5.000000e-01 |
--------------------------------------------------------------------------------------
 18 |   1.333328 |  -0.666666 |  6.103516e-06 |  1.831055e-05 | -1.333333333311602e+00 
--------------------------------------------------------------------------------------
    |            Look for new step size lambda (L)            |
    |    f(minL) |       f(L) |          minL |             L |
    |   Infinity |   Infinity |  0.000000e+00 |  0.000000e+00 |
    |   Infinity |  -1.333333 |  0.000000e+00 |  1.000000e-01 |
    |  -1.333333 |  -1.333333 |  1.000000e-01 |  2.000000e-01 |
    |  -1.333333 |  -1.333333 |  2.000000e-01 |  3.000000e-01 |
    |  -1.333333 |  -1.333333 |  3.000000e-01 |  4.000000e-01 |
    |  -1.333333 |  -1.333333 |  4.000000e-01 |  5.000000e-01 |
--------------------------------------------------------------------------------------
 19 |   1.333333 |  -0.666664 | -9.155273e-06 | -3.051758e-06 | -1.333333333327900e+00 
--------------------------------------------------------------------------------------
    |            Look for new step size lambda (L)            |
    |    f(minL) |       f(L) |          minL |             L |
    |   Infinity |   Infinity |  0.000000e+00 |  0.000000e+00 |
    |   Infinity |  -1.333333 |  0.000000e+00 |  1.000000e-01 |
    |  -1.333333 |  -1.333333 |  1.000000e-01 |  2.000000e-01 |
    |  -1.333333 |  -1.333333 |  2.000000e-01 |  3.000000e-01 |
    |  -1.333333 |  -1.333333 |  3.000000e-01 |  4.000000e-01 |
    |  -1.333333 |  -1.333333 |  4.000000e-01 |  5.000000e-01 |
--------------------------------------------------------------------------------------
 20 |   1.333332 |  -0.666666 |  1.525879e-06 |  4.577637e-06 | -1.333333333331975e+00 
--------------------------------------------------------------------------------------
    |            Look for new step size lambda (L)            |
    |    f(minL) |       f(L) |          minL |             L |
    |   Infinity |   Infinity |  0.000000e+00 |  0.000000e+00 |
    |   Infinity |  -1.333333 |  0.000000e+00 |  1.000000e-01 |
    |  -1.333333 |  -1.333333 |  1.000000e-01 |  2.000000e-01 |
    |  -1.333333 |  -1.333333 |  2.000000e-01 |  3.000000e-01 |
    |  -1.333333 |  -1.333333 |  3.000000e-01 |  4.000000e-01 |
    |  -1.333333 |  -1.333333 |  4.000000e-01 |  5.000000e-01 |
--------------------------------------------------------------------------------------
 21 |   1.333333 |  -0.666666 | -2.288818e-06 | -7.629395e-07 | -1.333333333332995e+00 
--------------------------------------------------------------------------------------
    |            Look for new step size lambda (L)            |
    |    f(minL) |       f(L) |          minL |             L |
    |   Infinity |   Infinity |  0.000000e+00 |  0.000000e+00 |
    |   Infinity |  -1.333333 |  0.000000e+00 |  1.000000e-01 |
    |  -1.333333 |  -1.333333 |  1.000000e-01 |  2.000000e-01 |
    |  -1.333333 |  -1.333333 |  2.000000e-01 |  3.000000e-01 |
    |  -1.333333 |  -1.333333 |  3.000000e-01 |  4.000000e-01 |
    |  -1.333333 |  -1.333333 |  4.000000e-01 |  5.000000e-01 |
--------------------------------------------------------------------------------------
 22 |   1.333333 |  -0.666667 |  3.814697e-07 |  1.144409e-06 | -1.333333333333249e+00 

Optimal solution x = (1.333333, -0.666667)	 f(x) = -1.333333333333249e+00
